(node:3880) [MONGOOSE] Warning: Duplicate schema index on {"uniqueid":1} found. This is often due to declaring an index using both "index: true" and "schema.index()". Please remove the duplicate index definition.
(Use `node --trace-warnings ...` to show where the warning was created)
(node:3880) [MONGOOSE] Warning: Duplicate schema index on {"slug":1} found. This is often due to declaring an index using both "index: true" and "schema.index()". Please remove the duplicate index definition.
[2025-09-03 17:15:32.682 +0600] [32mINFO[39m: [36mServer started successfully[39m
    env: "development"
    revision: "unknown"
    component: "MainApp"
[2025-09-03 17:15:32.683 +0600] [32mINFO[39m: [36mAMI functionality is disabled via environment variable[39m
    env: "development"
    revision: "unknown"
    component: "MainApp"
⚠️ Local MongoDB not available, starting in-memory database...
✅ In-Memory MongoDB Connected: mongodb://127.0.0.1:42605/
[2025-09-03 17:15:49.596 +0600] [32mINFO[39m: [36m📋 Fetching extensions from database[39m
    env: "development"
    revision: "unknown"
    component: "ExtensionController"
[2025-09-03 17:15:49.625 +0600] [32mINFO[39m: [36m✅ Extensions fetched successfully[39m
    env: "development"
    revision: "unknown"
    component: "ExtensionController"
[2025-09-03 17:15:49.629 +0600] [32mINFO[39m: [36mGET / - 200[39m
    env: "development"
    revision: "unknown"
    component: "HTTP"
    req: {
      "id": 1,
      "method": "GET",
      "url": "/api/extensions",
      "query": {},
      "params": {},
      "headers": {
        "host": "localhost:3000",
        "connection": "keep-alive",
        "sec-ch-ua-platform": "\"Windows\"",
        "user-agent": "Mozilla/5.0 (Windows NT 10.0; Win64; x64) AppleWebKit/537.36 (KHTML, like Gecko) Chrome/139.0.0.0 Safari/537.36",
        "accept": "application/json",
        "sec-ch-ua": "\"Not;A=Brand\";v=\"99\", \"Google Chrome\";v=\"139\", \"Chromium\";v=\"139\"",
        "sec-ch-ua-mobile": "?0",
        "origin": "http://localhost:5173",
        "sec-fetch-site": "same-site",
        "sec-fetch-mode": "cors",
        "sec-fetch-dest": "empty",
        "referer": "http://localhost:5173/",
        "accept-encoding": "gzip, deflate, br, zstd",
        "accept-language": "en-US,en;q=0.9",
        "if-none-match": "W/\"3003-aCod1Penqkr4UE6w4pNJh5fw5B4\""
      },
      "remoteAddress": "::1",
      "remotePort": 47482
    }
    userAgent: "Mozilla/5.0 (Windows NT 10.0; Win64; x64) AppleWebKit/537.36 (KHTML, like Gecko) Chrome/139.0.0.0 Safari/537.36"
    ip: "::1"
    userId: "anonymous"
    res: {
      "statusCode": 200,
      "headers": {
        "x-powered-by": "Express",
        "access-control-allow-origin": "http://localhost:5173",
        "vary": "Origin",
        "access-control-allow-credentials": "true",
        "content-type": "application/json; charset=utf-8",
        "content-length": "144",
        "etag": "W/\"90-S0UiQDQwR3ZvCfYoDz7ph9+FkrM\""
      }
    }
    responseTime: 34
[2025-09-03 17:15:49.647 +0600] [32mINFO[39m: [36m📋 Fetching extensions from database[39m
    env: "development"
    revision: "unknown"
    component: "ExtensionController"
[2025-09-03 17:15:49.655 +0600] [32mINFO[39m: [36m✅ Extensions fetched successfully[39m
    env: "development"
    revision: "unknown"
    component: "ExtensionController"
[2025-09-03 17:15:49.709 +0600] [32mINFO[39m: [36mGET /live - 200[39m
    env: "development"
    revision: "unknown"
    component: "HTTP"
    req: {
      "id": 3,
      "method": "GET",
      "url": "/api/calls/live",
      "query": {},
      "params": {},
      "headers": {
        "host": "localhost:3000",
        "connection": "keep-alive",
        "sec-ch-ua-platform": "\"Windows\"",
        "user-agent": "Mozilla/5.0 (Windows NT 10.0; Win64; x64) AppleWebKit/537.36 (KHTML, like Gecko) Chrome/139.0.0.0 Safari/537.36",
        "accept": "application/json",
        "sec-ch-ua": "\"Not;A=Brand\";v=\"99\", \"Google Chrome\";v=\"139\", \"Chromium\";v=\"139\"",
        "sec-ch-ua-mobile": "?0",
        "origin": "http://localhost:5173",
        "sec-fetch-site": "same-site",
        "sec-fetch-mode": "cors",
        "sec-fetch-dest": "empty",
        "referer": "http://localhost:5173/",
        "accept-encoding": "gzip, deflate, br, zstd",
        "accept-language": "en-US,en;q=0.9",
        "if-none-match": "W/\"22a-i77ggXohWKDniRYkefazIC0rz6w\""
      },
      "remoteAddress": "::1",
      "remotePort": 47498
    }
    userAgent: "Mozilla/5.0 (Windows NT 10.0; Win64; x64) AppleWebKit/537.36 (KHTML, like Gecko) Chrome/139.0.0.0 Safari/537.36"
    ip: "::1"
    userId: "anonymous"
    res: {
      "statusCode": 200,
      "headers": {
        "x-powered-by": "Express",
        "access-control-allow-origin": "http://localhost:5173",
        "vary": "Origin",
        "access-control-allow-credentials": "true",
        "content-type": "application/json; charset=utf-8",
        "content-length": "26",
        "etag": "W/\"1a-s3B6blipWxCo2IriQlJeaz0uh7I\""
      }
    }
    responseTime: 14
[2025-09-03 17:15:49.715 +0600] [32mINFO[39m: [36mSocket.IO client connected[39m
    env: "development"
    revision: "unknown"
    component: "MainApp"
[2025-09-03 17:15:53.526 +0600] [32mINFO[39m: [36mSocket.IO client connected[39m
    env: "development"
    revision: "unknown"
    component: "MainApp"
[2025-09-03 17:16:00.902 +0600] [32mINFO[39m: [36m📋 Fetching extensions from database[39m
    env: "development"
    revision: "unknown"
    component: "ExtensionController"
[2025-09-03 17:16:00.909 +0600] [32mINFO[39m: [36m✅ Extensions fetched successfully[39m
    env: "development"
    revision: "unknown"
    component: "ExtensionController"
[2025-09-03 17:16:07.060 +0600] [32mINFO[39m: [36mSocket.IO client connected[39m
    env: "development"
    revision: "unknown"
    component: "MainApp"
[2025-09-03 17:16:08.348 +0600] [32mINFO[39m: [36mGET / - 200[39m
    env: "development"
    revision: "unknown"
    component: "HTTP"
    req: {
      "id": 7,
      "method": "GET",
      "url": "/api/calls",
      "query": {},
      "params": {},
      "headers": {
        "host": "localhost:3000",
        "connection": "keep-alive",
        "sec-ch-ua-platform": "\"Windows\"",
        "user-agent": "Mozilla/5.0 (Windows NT 10.0; Win64; x64) AppleWebKit/537.36 (KHTML, like Gecko) Chrome/139.0.0.0 Safari/537.36",
        "accept": "application/json",
        "sec-ch-ua": "\"Not;A=Brand\";v=\"99\", \"Google Chrome\";v=\"139\", \"Chromium\";v=\"139\"",
        "sec-ch-ua-mobile": "?0",
        "origin": "http://localhost:5173",
        "sec-fetch-site": "same-site",
        "sec-fetch-mode": "cors",
        "sec-fetch-dest": "empty",
        "referer": "http://localhost:5173/",
        "accept-encoding": "gzip, deflate, br, zstd",
        "accept-language": "en-US,en;q=0.9",
        "if-none-match": "W/\"32ef-bCdTe/6cD0RHItP9hhIrqc3ic2Q\""
      },
      "remoteAddress": "::1",
      "remotePort": 49434
    }
    userAgent: "Mozilla/5.0 (Windows NT 10.0; Win64; x64) AppleWebKit/537.36 (KHTML, like Gecko) Chrome/139.0.0.0 Safari/537.36"
    ip: "::1"
    userId: "anonymous"
    res: {
      "statusCode": 200,
      "headers": {
        "x-powered-by": "Express",
        "access-control-allow-origin": "http://localhost:5173",
        "vary": "Origin",
        "access-control-allow-credentials": "true",
        "content-type": "application/json; charset=utf-8",
        "content-length": "138",
        "etag": "W/\"8a-3zXdKxgfIIDv1WoPdYa/Y49hcOQ\""
      }
    }
    responseTime: 4
[2025-09-03 17:16:09.392 +0600] [32mINFO[39m: [36m📋 Fetching extensions from database[39m
    env: "development"
    revision: "unknown"
    component: "ExtensionController"
[2025-09-03 17:16:09.395 +0600] [32mINFO[39m: [36m✅ Extensions fetched successfully[39m
    env: "development"
    revision: "unknown"
    component: "ExtensionController"
[2025-09-03 17:16:18.168 +0600] [32mINFO[39m: [36m📋 Fetching extensions from database[39m
    env: "development"
    revision: "unknown"
    component: "ExtensionController"
[2025-09-03 17:16:18.170 +0600] [32mINFO[39m: [36m✅ Extensions fetched successfully[39m
    env: "development"
    revision: "unknown"
    component: "ExtensionController"
[2025-09-03 17:16:18.172 +0600] [32mINFO[39m: [36m📋 Fetching extensions from database[39m
    env: "development"
    revision: "unknown"
    component: "ExtensionController"
[2025-09-03 17:16:18.174 +0600] [32mINFO[39m: [36m✅ Extensions fetched successfully[39m
    env: "development"
    revision: "unknown"
    component: "ExtensionController"
[2025-09-03 17:16:31.136 +0600] [32mINFO[39m: [36m📋 Fetching extensions from database[39m
    env: "development"
    revision: "unknown"
    component: "ExtensionController"
[2025-09-03 17:16:31.140 +0600] [32mINFO[39m: [36m✅ Extensions fetched successfully[39m
    env: "development"
    revision: "unknown"
    component: "ExtensionController"
[2025-09-03 17:16:35.196 +0600] [32mINFO[39m: [36mSocket.IO client connected[39m
    env: "development"
    revision: "unknown"
    component: "MainApp"
[2025-09-03 17:16:37.192 +0600] [32mINFO[39m: [36mSocket.IO client connected[39m
    env: "development"
    revision: "unknown"
    component: "MainApp"
[2025-09-03 17:16:38.084 +0600] [32mINFO[39m: [36mSocket.IO client connected[39m
    env: "development"
    revision: "unknown"
    component: "MainApp"
[2025-09-03 17:16:39.490 +0600] [32mINFO[39m: [36m📋 Fetching extensions from database[39m
    env: "development"
    revision: "unknown"
    component: "ExtensionController"
[2025-09-03 17:16:39.493 +0600] [32mINFO[39m: [36m✅ Extensions fetched successfully[39m
    env: "development"
    revision: "unknown"
    component: "ExtensionController"
[2025-09-03 17:16:48.191 +0600] [32mINFO[39m: [36m📋 Fetching extensions from database[39m
    env: "development"
    revision: "unknown"
    component: "ExtensionController"
[2025-09-03 17:16:48.198 +0600] [32mINFO[39m: [36m✅ Extensions fetched successfully[39m
    env: "development"
    revision: "unknown"
    component: "ExtensionController"
[2025-09-03 17:16:48.201 +0600] [32mINFO[39m: [36m📋 Fetching extensions from database[39m
    env: "development"
    revision: "unknown"
    component: "ExtensionController"
[2025-09-03 17:16:48.205 +0600] [32mINFO[39m: [36m✅ Extensions fetched successfully[39m
    env: "development"
    revision: "unknown"
    component: "ExtensionController"
[2025-09-03 17:16:51.207 +0600] [33mWARN[39m: [36mSocket.IO client seems unresponsive, disconnecting[39m
    env: "development"
    revision: "unknown"
    component: "MainApp"
[2025-09-03 17:16:51.208 +0600] [32mINFO[39m: [36mSocket.IO client disconnected[39m
    env: "development"
    revision: "unknown"
    component: "MainApp"
[2025-09-03 17:16:56.586 +0600] [33mWARN[39m: [36mSocket.IO client seems unresponsive, disconnecting[39m
    env: "development"
    revision: "unknown"
    component: "MainApp"
[2025-09-03 17:16:56.587 +0600] [32mINFO[39m: [36mSocket.IO client disconnected[39m
    env: "development"
    revision: "unknown"
    component: "MainApp"
[2025-09-03 17:16:57.812 +0600] [32mINFO[39m: [36mSocket.IO client connected[39m
    env: "development"
    revision: "unknown"
    component: "MainApp"
[2025-09-03 17:17:01.425 +0600] [32mINFO[39m: [36mSocket.IO client connected[39m
    env: "development"
    revision: "unknown"
    component: "MainApp"
[2025-09-03 17:17:01.545 +0600] [32mINFO[39m: [36m📋 Fetching extensions from database[39m
    env: "development"
    revision: "unknown"
    component: "ExtensionController"
[2025-09-03 17:17:01.549 +0600] [32mINFO[39m: [36m✅ Extensions fetched successfully[39m
    env: "development"
    revision: "unknown"
    component: "ExtensionController"
[2025-09-03 17:17:09.863 +0600] [32mINFO[39m: [36m📋 Fetching extensions from database[39m
    env: "development"
    revision: "unknown"
    component: "ExtensionController"
[2025-09-03 17:17:09.866 +0600] [32mINFO[39m: [36m✅ Extensions fetched successfully[39m
    env: "development"
    revision: "unknown"
    component: "ExtensionController"
[2025-09-03 17:17:10.120 +0600] [33mWARN[39m: [36mSocket.IO client seems unresponsive, disconnecting[39m
    env: "development"
    revision: "unknown"
    component: "MainApp"
[2025-09-03 17:17:10.120 +0600] [32mINFO[39m: [36mSocket.IO client disconnected[39m
    env: "development"
    revision: "unknown"
    component: "MainApp"
[2025-09-03 17:17:14.754 +0600] [32mINFO[39m: [36mSocket.IO client connected[39m
    env: "development"
    revision: "unknown"
    component: "MainApp"
[2025-09-03 17:17:18.320 +0600] [32mINFO[39m: [36m📋 Fetching extensions from database[39m
    env: "development"
    revision: "unknown"
    component: "ExtensionController"
[2025-09-03 17:17:18.323 +0600] [32mINFO[39m: [36m✅ Extensions fetched successfully[39m
    env: "development"
    revision: "unknown"
    component: "ExtensionController"
[2025-09-03 17:17:18.325 +0600] [32mINFO[39m: [36m📋 Fetching extensions from database[39m
    env: "development"
    revision: "unknown"
    component: "ExtensionController"
[2025-09-03 17:17:18.333 +0600] [32mINFO[39m: [36m✅ Extensions fetched successfully[39m
    env: "development"
    revision: "unknown"
    component: "ExtensionController"
[2025-09-03 17:17:31.593 +0600] [32mINFO[39m: [36m📋 Fetching extensions from database[39m
    env: "development"
    revision: "unknown"
    component: "ExtensionController"
[2025-09-03 17:17:31.599 +0600] [32mINFO[39m: [36m✅ Extensions fetched successfully[39m
    env: "development"
    revision: "unknown"
    component: "ExtensionController"
[2025-09-03 17:17:38.423 +0600] [33mWARN[39m: [36mSocket.IO client seems unresponsive, disconnecting[39m
    env: "development"
    revision: "unknown"
    component: "MainApp"
[2025-09-03 17:17:38.424 +0600] [32mINFO[39m: [36mSocket.IO client disconnected[39m
    env: "development"
    revision: "unknown"
    component: "MainApp"
[2025-09-03 17:17:40.163 +0600] [32mINFO[39m: [36m📋 Fetching extensions from database[39m
    env: "development"
    revision: "unknown"
    component: "ExtensionController"
[2025-09-03 17:17:40.165 +0600] [32mINFO[39m: [36m✅ Extensions fetched successfully[39m
    env: "development"
    revision: "unknown"
    component: "ExtensionController"
[2025-09-03 17:17:40.423 +0600] [33mWARN[39m: [36mSocket.IO client seems unresponsive, disconnecting[39m
    env: "development"
    revision: "unknown"
    component: "MainApp"
[2025-09-03 17:17:40.423 +0600] [32mINFO[39m: [36mSocket.IO client disconnected[39m
    env: "development"
    revision: "unknown"
    component: "MainApp"
[2025-09-03 17:17:41.312 +0600] [33mWARN[39m: [36mSocket.IO client seems unresponsive, disconnecting[39m
    env: "development"
    revision: "unknown"
    component: "MainApp"
[2025-09-03 17:17:41.313 +0600] [32mINFO[39m: [36mSocket.IO client disconnected[39m
    env: "development"
    revision: "unknown"
    component: "MainApp"
[2025-09-03 17:17:43.248 +0600] [32mINFO[39m: [36mSocket.IO client connected[39m
    env: "development"
    revision: "unknown"
    component: "MainApp"
[2025-09-03 17:17:45.251 +0600] [32mINFO[39m: [36mSocket.IO client connected[39m
    env: "development"
    revision: "unknown"
    component: "MainApp"
[2025-09-03 17:17:46.131 +0600] [32mINFO[39m: [36mSocket.IO client connected[39m
    env: "development"
    revision: "unknown"
    component: "MainApp"
[2025-09-03 17:17:48.883 +0600] [32mINFO[39m: [36m📋 Fetching extensions from database[39m
    env: "development"
    revision: "unknown"
    component: "ExtensionController"
[2025-09-03 17:17:48.885 +0600] [32mINFO[39m: [36m✅ Extensions fetched successfully[39m
    env: "development"
    revision: "unknown"
    component: "ExtensionController"
[2025-09-03 17:17:48.886 +0600] [32mINFO[39m: [36m📋 Fetching extensions from database[39m
    env: "development"
    revision: "unknown"
    component: "ExtensionController"
[2025-09-03 17:17:48.889 +0600] [32mINFO[39m: [36m✅ Extensions fetched successfully[39m
    env: "development"
    revision: "unknown"
    component: "ExtensionController"
[2025-09-03 17:17:59.473 +0600] [33mWARN[39m: [36mSocket.IO client seems unresponsive, disconnecting[39m
    env: "development"
    revision: "unknown"
    component: "MainApp"
[2025-09-03 17:17:59.473 +0600] [32mINFO[39m: [36mSocket.IO client disconnected[39m
    env: "development"
    revision: "unknown"
    component: "MainApp"
[2025-09-03 17:18:00.458 +0600] [32mINFO[39m: [36m📋 Fetching extensions from database[39m
    env: "development"
    revision: "unknown"
    component: "ExtensionController"
[2025-09-03 17:18:00.467 +0600] [32mINFO[39m: [36m✅ Extensions fetched successfully[39m
    env: "development"
    revision: "unknown"
    component: "ExtensionController"
[2025-09-03 17:18:04.340 +0600] [33mWARN[39m: [36mSocket.IO client seems unresponsive, disconnecting[39m
    env: "development"
    revision: "unknown"
    component: "MainApp"
[2025-09-03 17:18:04.340 +0600] [32mINFO[39m: [36mSocket.IO client disconnected[39m
    env: "development"
    revision: "unknown"
    component: "MainApp"
[2025-09-03 17:18:05.557 +0600] [32mINFO[39m: [36mSocket.IO client connected[39m
    env: "development"
    revision: "unknown"
    component: "MainApp"
[2025-09-03 17:18:09.164 +0600] [32mINFO[39m: [36mSocket.IO client connected[39m
    env: "development"
    revision: "unknown"
    component: "MainApp"
[2025-09-03 17:18:10.233 +0600] [32mINFO[39m: [36m📋 Fetching extensions from database[39m
    env: "development"
    revision: "unknown"
    component: "ExtensionController"
[2025-09-03 17:18:10.235 +0600] [32mINFO[39m: [36m✅ Extensions fetched successfully[39m
    env: "development"
    revision: "unknown"
    component: "ExtensionController"
[2025-09-03 17:18:17.669 +0600] [33mWARN[39m: [36mSocket.IO client seems unresponsive, disconnecting[39m
    env: "development"
    revision: "unknown"
    component: "MainApp"
[2025-09-03 17:18:17.669 +0600] [32mINFO[39m: [36mSocket.IO client disconnected[39m
    env: "development"
    revision: "unknown"
    component: "MainApp"
[2025-09-03 17:18:18.957 +0600] [32mINFO[39m: [36m📋 Fetching extensions from database[39m
    env: "development"
    revision: "unknown"
    component: "ExtensionController"
[2025-09-03 17:18:18.965 +0600] [32mINFO[39m: [36m✅ Extensions fetched successfully[39m
    env: "development"
    revision: "unknown"
    component: "ExtensionController"
[2025-09-03 17:18:18.969 +0600] [32mINFO[39m: [36m📋 Fetching extensions from database[39m
    env: "development"
    revision: "unknown"
    component: "ExtensionController"
[2025-09-03 17:18:18.972 +0600] [32mINFO[39m: [36m✅ Extensions fetched successfully[39m
    env: "development"
    revision: "unknown"
    component: "ExtensionController"
[2025-09-03 17:18:22.506 +0600] [32mINFO[39m: [36mSocket.IO client connected[39m
    env: "development"
    revision: "unknown"
    component: "MainApp"
[2025-09-03 17:18:30.534 +0600] [32mINFO[39m: [36m📋 Fetching extensions from database[39m
    env: "development"
    revision: "unknown"
    component: "ExtensionController"
[2025-09-03 17:18:30.538 +0600] [32mINFO[39m: [36m✅ Extensions fetched successfully[39m
    env: "development"
    revision: "unknown"
    component: "ExtensionController"
[2025-09-03 17:18:40.389 +0600] [32mINFO[39m: [36m📋 Fetching extensions from database[39m
    env: "development"
    revision: "unknown"
    component: "ExtensionController"
[2025-09-03 17:18:40.392 +0600] [32mINFO[39m: [36m✅ Extensions fetched successfully[39m
    env: "development"
    revision: "unknown"
    component: "ExtensionController"

🛑 Script interrupted by user
⚠️ MongoDB disconnected
[2025-09-03 17:18:41.338 +0600] [32mINFO[39m: [36mSIGINT received[39m
    env: "development"
    revision: "unknown"
    component: "MainApp"
